<?xml version="1.0" encoding="UTF-8"?>
<testsuite name="com.csc.TestPayroll" tests="6" skipped="0" failures="0" errors="0" timestamp="2024-09-06T13:06:34" hostname="Haleys-iPhone-2.localdomain" time="0.105">
  <properties/>
  <testcase name="fullweek50Sal()" classname="com.csc.TestPayroll" time="0.082"/>
  <testcase name="testInsuranceCostNeg1()" classname="com.csc.TestPayroll" time="0.003"/>
  <testcase name="testInsuranceCost0()" classname="com.csc.TestPayroll" time="0.002"/>
  <testcase name="testInsuranceCost3()" classname="com.csc.TestPayroll" time="0.002"/>
  <testcase name="fullweek50Sal41Hours()" classname="com.csc.TestPayroll" time="0.002"/>
  <testcase name="fullweek()" classname="com.csc.TestPayroll" time="0.002"/>
  <system-out><![CDATA[]]></system-out>
  <system-err><![CDATA[]]></system-err>
</testsuite>
