<?xml version="1.0" encoding="UTF-8"?>
<testsuite name="com.csc.TestPayroll" tests="6" skipped="0" failures="0" errors="0" timestamp="2024-09-21T02:30:44" hostname="DESKTOP-BA9STQJ" time="0.017">
  <properties/>
  <testcase name="fullweek50Sal()" classname="com.csc.TestPayroll" time="0.011"/>
  <testcase name="testInsuranceCostNeg1()" classname="com.csc.TestPayroll" time="0.0"/>
  <testcase name="testInsuranceCost0()" classname="com.csc.TestPayroll" time="0.001"/>
  <testcase name="testInsuranceCost3()" classname="com.csc.TestPayroll" time="0.0"/>
  <testcase name="fullweek50Sal41Hours()" classname="com.csc.TestPayroll" time="0.0"/>
  <testcase name="fullweek()" classname="com.csc.TestPayroll" time="0.0"/>
  <system-out><![CDATA[]]></system-out>
  <system-err><![CDATA[]]></system-err>
</testsuite>
